11:50:17 - INF - <module> - ('Servicio Iniciado',)
11:50:18 - INF - <module> - ('Servicio Iniciado',)
11:50:44 - INF - get - ('Ejecutando servicio de obtener amigo por ID',)
11:55:04 - INF - <module> - ('Servicio Finalizado',)
11:55:05 - INF - <module> - ('Servicio Iniciado',)
11:55:19 - INF - <module> - ('Servicio Finalizado',)
11:55:20 - INF - <module> - ('Servicio Iniciado',)
11:55:36 - INF - <module> - ('Servicio Finalizado',)
11:55:38 - INF - <module> - ('Servicio Iniciado',)
11:55:47 - INF - <module> - ('Servicio Finalizado',)
11:55:48 - INF - <module> - ('Servicio Iniciado',)
11:56:35 - INF - <module> - ('Servicio Finalizado',)
11:56:36 - INF - <module> - ('Servicio Finalizado',)
12:05:32 - INF - <module> - ('Servicio Iniciado',)
12:05:33 - INF - <module> - ('Servicio Iniciado',)
12:05:36 - INF - get - ('Ejecutando servicio de obtener comentario por ID',)
12:06:02 - INF - get - ('Ejecutando servicio de obtener solicitud de amistad por ID',)
12:07:30 - INF - <module> - ('Servicio Finalizado',)
12:07:31 - INF - <module> - ('Servicio Iniciado',)
12:10:20 - INF - <module> - ('Servicio Finalizado',)
12:10:21 - INF - <module> - ('Servicio Iniciado',)
12:10:27 - INF - <module> - ('Servicio Finalizado',)
12:10:28 - INF - <module> - ('Servicio Iniciado',)
12:10:40 - INF - <module> - ('Servicio Finalizado',)
12:10:41 - INF - <module> - ('Servicio Iniciado',)
12:11:42 - INF - <module> - ('Servicio Finalizado',)
12:11:43 - INF - <module> - ('Servicio Iniciado',)
12:15:26 - INF - <module> - ('Servicio Finalizado',)
12:15:26 - INF - <module> - ('Servicio Iniciado',)
12:15:40 - INF - <module> - ('Servicio Finalizado',)
12:15:41 - INF - <module> - ('Servicio Iniciado',)
12:16:31 - INF - <module> - ('Servicio Finalizado',)
12:16:32 - INF - <module> - ('Servicio Iniciado',)
12:16:50 - INF - get - ('Ejecutando servicio de obtener publicación por ID',)
12:18:07 - INF - <module> - ('Servicio Finalizado',)
12:18:07 - INF - <module> - ('Servicio Finalizado',)
12:18:16 - INF - <module> - ('Servicio Iniciado',)
12:18:17 - INF - <module> - ('Servicio Iniciado',)
12:18:21 - INF - get - ('Ejecutando servicio de obtener publicación por ID',)
12:18:46 - INF - <module> - ('Servicio Finalizado',)
12:18:47 - INF - <module> - ('Servicio Iniciado',)
12:18:51 - INF - get - ('Ejecutando servicio de obtener publicación por ID',)
12:20:56 - INF - <module> - ('Servicio Finalizado',)
12:20:58 - INF - <module> - ('Servicio Iniciado',)
12:21:17 - INF - <module> - ('Servicio Finalizado',)
12:21:18 - INF - <module> - ('Servicio Iniciado',)
12:21:48 - INF - get - ('Ejecutando servicio de obtener publicación por id',)
12:24:18 - INF - <module> - ('Servicio Finalizado',)
12:24:19 - INF - <module> - ('Servicio Iniciado',)
12:26:46 - INF - <module> - ('Servicio Finalizado',)
12:26:47 - INF - <module> - ('Servicio Iniciado',)
12:31:26 - INF - <module> - ('Servicio Finalizado',)
12:31:27 - INF - <module> - ('Servicio Iniciado',)
12:32:10 - INF - <module> - ('Servicio Finalizado',)
12:32:11 - INF - <module> - ('Servicio Iniciado',)
12:32:39 - INF - <module> - ('Servicio Finalizado',)
12:32:40 - INF - <module> - ('Servicio Iniciado',)
12:32:48 - INF - get - ('Ejecutando servicio de obtener publicación por ID',)
12:39:27 - INF - <module> - ('Servicio Finalizado',)
12:39:29 - INF - <module> - ('Servicio Iniciado',)
12:39:36 - INF - <module> - ('Servicio Finalizado',)
12:39:37 - INF - <module> - ('Servicio Iniciado',)
12:39:54 - INF - <module> - ('Servicio Finalizado',)
12:39:55 - INF - <module> - ('Servicio Iniciado',)
12:40:29 - INF - <module> - ('Servicio Finalizado',)
12:40:30 - INF - <module> - ('Servicio Finalizado',)
12:41:50 - INF - <module> - ('Servicio Iniciado',)
12:41:50 - INF - <module> - ('Servicio Iniciado',)
12:41:53 - INF - get - ('Ejecutando servicio de obtener reacción por ID',)
12:42:56 - INF - <module> - ('Servicio Finalizado',)
12:42:57 - INF - <module> - ('Servicio Iniciado',)
12:47:47 - INF - <module> - ('Servicio Finalizado',)
12:47:48 - INF - <module> - ('Servicio Iniciado',)
12:48:09 - INF - <module> - ('Servicio Finalizado',)
12:48:09 - INF - <module> - ('Servicio Iniciado',)
12:48:54 - INF - <module> - ('Servicio Finalizado',)
12:48:55 - INF - <module> - ('Servicio Finalizado',)
12:49:24 - INF - <module> - ('Servicio Iniciado',)
12:49:25 - INF - <module> - ('Servicio Iniciado',)
12:49:29 - INF - get - ('Ejecutando servicio de obtener historia por ID',)
12:52:35 - INF - <module> - ('Servicio Finalizado',)
12:52:36 - INF - <module> - ('Servicio Iniciado',)
12:53:02 - INF - <module> - ('Servicio Finalizado',)
12:53:03 - INF - <module> - ('Servicio Iniciado',)
12:53:40 - INF - <module> - ('Servicio Finalizado',)
12:53:40 - INF - <module> - ('Servicio Iniciado',)
12:53:53 - INF - get - ('Ejecutando servicio de Obtener Usuario por ID: 1',)
12:54:07 - INF - <module> - ('Servicio Finalizado',)
12:54:08 - INF - <module> - ('Servicio Iniciado',)
12:54:22 - INF - get - ('Ejecutando servicio de Obtener Usuario por ID: 1',)
12:55:17 - INF - <module> - ('Servicio Finalizado',)
12:55:17 - INF - <module> - ('Servicio Finalizado',)
13:01:12 - INF - <module> - ('Servicio Iniciado',)
13:01:12 - INF - <module> - ('Servicio Iniciado',)
13:01:17 - INF - get - ('Ejecutando servicio de obtener usuario por ID',)
13:01:29 - INF - <module> - ('Servicio Finalizado',)
13:01:29 - INF - <module> - ('Servicio Finalizado',)
